2025-06-02 15:28:15,916 [INFO] Activator:176 - 


2025-06-02 15:28:15,922 [INFO] Activator:177 - !SESSION log4j initialized
2025-06-02 15:28:20,990 [INFO] LogOutputStream:77 - [STDOUT_REDIRECT] 
2025-06-02 15:28:22,782 [INFO] ApplicationProperties:184 - Using Application install path: C:\ST\STM32CubeIDE_1.18.1\STM32CubeIDE\plugins\com.st.stm32cube.common.mx_6.14.1.202504091515
2025-06-02 15:28:22,797 [INFO] DbMcusXml:78 - Set database path to: C:\ST\STM32CubeIDE_1.18.1\STM32CubeIDE\plugins\com.st.stm32cube.common.mx_6.14.1.202504091515\\db\/mcu/
2025-06-02 15:28:22,797 [INFO] ApiDb:274 - Set plugin database path to: C:\ST\STM32CubeIDE_1.18.1\STM32CubeIDE\plugins\com.st.stm32cube.common.mx_6.14.1.202504091515\\db\/plugins/boardmanager/
2025-06-02 15:28:22,799 [WARN] ApiDb:259 - Overriding images path with different value:  => C:\ST\STM32CubeIDE_1.18.1\STM32CubeIDE\plugins\com.st.stm32cube.common.mx_6.14.1.202504091515\\db\/plugins/mcufinder/images/
2025-06-02 15:28:22,805 [INFO] ApiDb:250 - Set database path to: C:\Users\kccistc\.stmcufinder\plugins\mcufinder//mcu/
2025-06-02 15:28:22,807 [INFO] DbMcusAds:125 - Set database path to: C:\Users\kccistc\.stmcufinder\plugins\mcufinder//mcu/
2025-06-02 15:28:22,809 [INFO] CrossReferenceDbSqlite:203 - Set database path to: C:\Users\kccistc\.stmcufinder\plugins\mcufinder//mcu/cs/
2025-06-02 15:28:22,915 [INFO] RulesReader:64 - Compatibility file has been processed (302 Rules)
2025-06-02 15:28:22,980 [INFO] DbMcusXml:78 - Set database path to: C:\ST\STM32CubeIDE_1.18.1\STM32CubeIDE\plugins\com.st.stm32cube.common.mx_6.14.1.202504091515\\db\/mcu/
2025-06-02 15:28:22,982 [INFO] ApiDb:274 - Set plugin database path to: C:\ST\STM32CubeIDE_1.18.1\STM32CubeIDE\plugins\com.st.stm32cube.common.mx_6.14.1.202504091515\\db\/plugins/boardmanager/
2025-06-02 15:28:22,982 [INFO] ApiDb:261 - Set plugin images path to: C:\ST\STM32CubeIDE_1.18.1\STM32CubeIDE\plugins\com.st.stm32cube.common.mx_6.14.1.202504091515\\db\/plugins/mcufinder/images/
2025-06-02 15:28:22,982 [WARN] DbFile:41 - Overriding database path with different value: C:\Users\kccistc\.stmcufinder\plugins\mcufinder/ => C:\Users\kccistc\.stmcufinder\plugins\mcufinder
2025-06-02 15:28:22,982 [INFO] ApiDb:250 - Set database path to: C:\Users\kccistc\.stmcufinder\plugins\mcufinder//mcu/
2025-06-02 15:28:22,982 [WARN] DbFile:41 - Overriding database path with different value: C:\Users\kccistc\.stmcufinder\plugins\mcufinder/ => C:\Users\kccistc\.stmcufinder\plugins\mcufinder
2025-06-02 15:28:22,982 [INFO] DbMcusAds:125 - Set database path to: C:\Users\kccistc\.stmcufinder\plugins\mcufinder//mcu/
2025-06-02 15:28:22,982 [WARN] DbFile:41 - Overriding database path with different value: C:\Users\kccistc\.stmcufinder\plugins\mcufinder/ => C:\Users\kccistc\.stmcufinder\plugins\mcufinder
2025-06-02 15:28:22,982 [WARN] DbFile:41 - Overriding database path with different value: C:\Users\kccistc\.stmcufinder\plugins\mcufinder/ => C:\Users\kccistc\.stmcufinder\plugins\mcufinder
2025-06-02 15:28:22,982 [INFO] CrossReferenceDbSqlite:203 - Set database path to: C:\Users\kccistc\.stmcufinder\plugins\mcufinder//mcu/cs/
2025-06-02 15:28:23,043 [INFO] MainPanel:272 - HeapMemory: 268435456
2025-06-02 15:28:23,125 [INFO] DbMcusXml:78 - Set database path to: C:\ST\STM32CubeIDE_1.18.1\STM32CubeIDE\plugins\com.st.stm32cube.common.mx_6.14.1.202504091515\\db\/mcu/
2025-06-02 15:28:23,125 [INFO] ApiDb:274 - Set plugin database path to: C:\ST\STM32CubeIDE_1.18.1\STM32CubeIDE\plugins\com.st.stm32cube.common.mx_6.14.1.202504091515\\db\/plugins/boardmanager/
2025-06-02 15:28:23,127 [INFO] ApiDb:261 - Set plugin images path to: C:\ST\STM32CubeIDE_1.18.1\STM32CubeIDE\plugins\com.st.stm32cube.common.mx_6.14.1.202504091515\\db\/plugins/mcufinder/images/
2025-06-02 15:28:23,127 [WARN] DbFile:41 - Overriding database path with different value: C:\Users\kccistc\.stmcufinder\plugins\mcufinder/ => C:\Users\kccistc\.stmcufinder\plugins\mcufinder
2025-06-02 15:28:23,127 [INFO] ApiDb:250 - Set database path to: C:\Users\kccistc\.stmcufinder\plugins\mcufinder//mcu/
2025-06-02 15:28:23,127 [WARN] DbFile:41 - Overriding database path with different value: C:\Users\kccistc\.stmcufinder\plugins\mcufinder/ => C:\Users\kccistc\.stmcufinder\plugins\mcufinder
2025-06-02 15:28:23,127 [INFO] DbMcusAds:125 - Set database path to: C:\Users\kccistc\.stmcufinder\plugins\mcufinder//mcu/
2025-06-02 15:28:23,127 [WARN] DbFile:41 - Overriding database path with different value: C:\Users\kccistc\.stmcufinder\plugins\mcufinder/ => C:\Users\kccistc\.stmcufinder\plugins\mcufinder
2025-06-02 15:28:23,127 [WARN] DbFile:41 - Overriding database path with different value: C:\Users\kccistc\.stmcufinder\plugins\mcufinder/ => C:\Users\kccistc\.stmcufinder\plugins\mcufinder
2025-06-02 15:28:23,127 [INFO] CrossReferenceDbSqlite:203 - Set database path to: C:\Users\kccistc\.stmcufinder\plugins\mcufinder//mcu/cs/
2025-06-02 15:28:23,142 [INFO] ApplicationProperties:184 - Using Application install path: C:\ST\STM32CubeIDE_1.18.1\STM32CubeIDE\plugins\com.st.stm32cube.common.mx_6.14.1.202504091515
2025-06-02 15:28:23,143 [INFO] PluginManage:196 - Search for loadable plugins [exclusion list=, ]
2025-06-02 15:28:23,144 [INFO] PluginManage:310 - Check plugin analytics
2025-06-02 15:28:23,296 [INFO] AnalyticsPlugin:253 - Accepted Software Licenses: 
2025-06-02 15:28:23,296 [INFO] AnalyticsPlugin:255 - Accepted CMSIS Pack Licenses: 
2025-06-02 15:28:23,296 [INFO] AnalyticsPlugin:257 - Accepted Firmware Licenses: FW.F4.1.28.0
2025-06-02 15:28:23,300 [INFO] PluginManage:359 - Loaded plugin analytics (category:tool,tabindex:-1)
2025-06-02 15:28:23,300 [INFO] PluginManage:310 - Check plugin cadmodel
2025-06-02 15:28:23,316 [INFO] CADModel:105 - Init CAD model plugin
2025-06-02 15:28:23,316 [INFO] PluginManage:359 - Loaded plugin cadmodel (category:power,tabindex:5)
2025-06-02 15:28:23,316 [INFO] PluginManage:310 - Check plugin clock
2025-06-02 15:28:23,333 [INFO] PluginManage:359 - Loaded plugin clock (category:base,tabindex:2)
2025-06-02 15:28:23,333 [INFO] PluginManage:310 - Check plugin ddr
2025-06-02 15:28:23,334 [INFO] PluginManage:359 - Loaded plugin ddr (category:tool,tabindex:6)
2025-06-02 15:28:23,335 [INFO] PluginManage:310 - Check plugin filemanager
2025-06-02 15:28:23,462 [INFO] PluginManage:359 - Loaded plugin filemanager (category:base,tabindex:10)
2025-06-02 15:28:23,462 [INFO] PluginManage:310 - Check plugin ipmanager
2025-06-02 15:28:23,467 [INFO] PluginManage:359 - Loaded plugin ipmanager (category:base,tabindex:5)
2025-06-02 15:28:23,468 [INFO] PluginManage:310 - Check plugin lpbam
2025-06-02 15:28:23,482 [INFO] PluginManage:359 - Loaded plugin lpbam (category:base,tabindex:0)
2025-06-02 15:28:23,482 [INFO] PluginManage:310 - Check plugin memorymap
2025-06-02 15:28:23,500 [INFO] PluginManage:359 - Loaded plugin memorymap (category:base,tabindex:4)
2025-06-02 15:28:23,500 [INFO] PluginManage:310 - Check plugin pinoutandconfiguration
2025-06-02 15:28:23,515 [INFO] PluginManage:359 - Loaded plugin pinoutandconfiguration (category:base,tabindex:1)
2025-06-02 15:28:23,515 [INFO] PluginManage:310 - Check plugin pinoutconfig
2025-06-02 15:28:23,595 [WARN] SupportedApi:132 - Cannot load RTOS API schema: s4s-elt-must-match.1: The content of 'definitions' must match (annotation?, (simpleType | complexType)?, (unique | key | keyref)*)). A problem was found starting at: attribute.
2025-06-02 15:28:23,697 [INFO] PluginManage:359 - Loaded plugin pinoutconfig (category:base,tabindex:0)
2025-06-02 15:28:23,697 [INFO] PluginManage:310 - Check plugin power
2025-06-02 15:28:23,716 [INFO] PluginManage:359 - Loaded plugin power (category:power,tabindex:4)
2025-06-02 15:28:23,716 [INFO] PluginManage:310 - Check plugin projectmanager
2025-06-02 15:28:23,727 [INFO] PluginManage:359 - Loaded plugin projectmanager (category:projectmanager,tabindex:4)
2025-06-02 15:28:23,727 [INFO] PluginManage:310 - Check plugin rif
2025-06-02 15:28:23,743 [INFO] PluginManage:359 - Loaded plugin rif (category:base,tabindex:3)
2025-06-02 15:28:23,743 [INFO] PluginManage:310 - Check plugin thirdparty
2025-06-02 15:28:24,004 [INFO] PluginManage:359 - Loaded plugin thirdparty (category:base,tabindex:-1)
2025-06-02 15:28:24,004 [INFO] PluginManage:310 - Check plugin tools
2025-06-02 15:28:24,004 [WARN] IntegrityCheckThread:84 - waiting for thirdparty lock release [integrity check]
2025-06-02 15:28:24,004 [INFO] IntegrityCheckThread:86 - entering critical section [integrity check]
2025-06-02 15:28:24,005 [INFO] ThirdPartyUpdaterWithRetryManager:70 - Updater plugin not ready yet. [1/15]
2025-06-02 15:28:24,034 [INFO] PluginManage:359 - Loaded plugin tools (category:base,tabindex:7)
2025-06-02 15:28:24,034 [INFO] PluginManage:310 - Check plugin tutovideos
2025-06-02 15:28:24,199 [INFO] PluginManage:359 - Loaded plugin tutovideos (category:base,tabindex:-1)
2025-06-02 15:28:24,200 [INFO] PluginManage:310 - Check plugin updater
2025-06-02 15:28:24,222 [INFO] PluginManage:359 - Loaded plugin updater (category:base,tabindex:12)
2025-06-02 15:28:24,222 [INFO] PluginManage:310 - Check plugin userauth
2025-06-02 15:28:24,225 [INFO] UserAuth:118 - Init User Auth plugin
2025-06-02 15:28:24,226 [INFO] PluginManage:359 - Loaded plugin userauth (category:base,tabindex:14)
2025-06-02 15:28:24,226 [INFO] PluginManage:283 - PluginManage : Loaded plugins [18]
2025-06-02 15:28:24,387 [INFO] PinOutPanel:1589 - setPackage(No Configuration,No Configuration)
2025-06-02 15:28:24,453 [INFO] CADModel:165 - CPN selected for project level
2025-06-02 15:28:24,453 [INFO] CADModel:114 - Register for checkConnection events
2025-06-02 15:28:24,478 [INFO] IPUIPlugin:80 - create IPUIPlugin
2025-06-02 15:28:24,478 [INFO] PluginManager:220 - loadIPPluginJar : add adc
2025-06-02 15:28:24,512 [INFO] IPUIPlugin:80 - create IPUIPlugin
2025-06-02 15:28:24,512 [INFO] PluginManager:220 - loadIPPluginJar : add aes
2025-06-02 15:28:24,549 [INFO] IPUIPlugin:80 - create IPUIPlugin
2025-06-02 15:28:24,550 [INFO] PluginManager:220 - loadIPPluginJar : add can
2025-06-02 15:28:24,575 [INFO] IPUIPlugin:80 - create IPUIPlugin
2025-06-02 15:28:24,575 [INFO] PluginManager:220 - loadIPPluginJar : add comp
2025-06-02 15:28:24,614 [INFO] IPUIPlugin:80 - create IPUIPlugin
2025-06-02 15:28:24,615 [INFO] PluginManager:220 - loadIPPluginJar : add cryp
2025-06-02 15:28:24,629 [INFO] IPUIPlugin:80 - create IPUIPlugin
2025-06-02 15:28:24,629 [INFO] PluginManager:220 - loadIPPluginJar : add ddr_ctrl_phy
2025-06-02 15:28:24,658 [INFO] IPUIPlugin:80 - create IPUIPlugin
2025-06-02 15:28:24,658 [INFO] PluginManager:220 - loadIPPluginJar : add dfsdm
2025-06-02 15:28:24,671 [INFO] IPUIPlugin:80 - create IPUIPlugin
2025-06-02 15:28:24,672 [INFO] PluginManager:220 - loadIPPluginJar : add dma
2025-06-02 15:28:24,709 [INFO] IPUIPlugin:80 - create IPUIPlugin
2025-06-02 15:28:24,710 [INFO] PluginManager:220 - loadIPPluginJar : add dma3
2025-06-02 15:28:24,746 [INFO] IPUIPlugin:80 - create IPUIPlugin
2025-06-02 15:28:24,747 [INFO] PluginManager:220 - loadIPPluginJar : add extmemmanager
2025-06-02 15:28:24,766 [INFO] IPUIPlugin:80 - create IPUIPlugin
2025-06-02 15:28:24,766 [INFO] PluginManager:220 - loadIPPluginJar : add fatfs
2025-06-02 15:28:24,810 [INFO] IPUIPlugin:80 - create IPUIPlugin
2025-06-02 15:28:24,811 [INFO] PluginManager:220 - loadIPPluginJar : add fmc
2025-06-02 15:28:24,826 [INFO] IPUIPlugin:80 - create IPUIPlugin
2025-06-02 15:28:24,826 [INFO] PluginManager:220 - loadIPPluginJar : add freertos
2025-06-02 15:28:24,850 [INFO] IPUIPlugin:80 - create IPUIPlugin
2025-06-02 15:28:24,850 [INFO] PluginManager:220 - loadIPPluginJar : add genericplugin
2025-06-02 15:28:24,920 [INFO] IPUIPlugin:80 - create IPUIPlugin
2025-06-02 15:28:24,920 [INFO] PluginManager:220 - loadIPPluginJar : add gfxmmu
2025-06-02 15:28:25,024 [INFO] IPUIPlugin:80 - create IPUIPlugin
2025-06-02 15:28:25,024 [INFO] PluginManager:220 - loadIPPluginJar : add gic
2025-06-02 15:28:25,036 [INFO] IPUIPlugin:80 - create IPUIPlugin
2025-06-02 15:28:25,036 [INFO] PluginManager:220 - loadIPPluginJar : add gpio
2025-06-02 15:28:25,122 [INFO] IPUIPlugin:80 - create IPUIPlugin
2025-06-02 15:28:25,122 [INFO] PluginManager:220 - loadIPPluginJar : add gtzc
2025-06-02 15:28:25,147 [INFO] IPUIPlugin:80 - create IPUIPlugin
2025-06-02 15:28:25,147 [INFO] PluginManager:220 - loadIPPluginJar : add hash
2025-06-02 15:28:25,189 [INFO] IPUIPlugin:80 - create IPUIPlugin
2025-06-02 15:28:25,189 [INFO] PluginManager:220 - loadIPPluginJar : add i2c
2025-06-02 15:28:25,219 [INFO] IPUIPlugin:80 - create IPUIPlugin
2025-06-02 15:28:25,219 [INFO] PluginManager:220 - loadIPPluginJar : add i2s
2025-06-02 15:28:25,255 [INFO] IPUIPlugin:80 - create IPUIPlugin
2025-06-02 15:28:25,255 [INFO] PluginManager:220 - loadIPPluginJar : add i3c
2025-06-02 15:28:25,334 [INFO] IPUIPlugin:80 - create IPUIPlugin
2025-06-02 15:28:25,335 [INFO] PluginManager:220 - loadIPPluginJar : add ipddr
2025-06-02 15:28:25,415 [INFO] IPUIPlugin:80 - create IPUIPlugin
2025-06-02 15:28:25,415 [INFO] PluginManager:220 - loadIPPluginJar : add linkedlist
2025-06-02 15:28:25,450 [INFO] IPUIPlugin:80 - create IPUIPlugin
2025-06-02 15:28:25,450 [INFO] PluginManager:220 - loadIPPluginJar : add lorawan
2025-06-02 15:28:25,482 [INFO] IPUIPlugin:80 - create IPUIPlugin
2025-06-02 15:28:25,482 [INFO] PluginManager:220 - loadIPPluginJar : add ltdc
2025-06-02 15:28:25,494 [INFO] IPUIPlugin:80 - create IPUIPlugin
2025-06-02 15:28:25,494 [INFO] PluginManager:220 - loadIPPluginJar : add mdma
2025-06-02 15:28:25,505 [INFO] IPUIPlugin:80 - create IPUIPlugin
2025-06-02 15:28:25,505 [INFO] PluginManager:220 - loadIPPluginJar : add nvic
2025-06-02 15:28:25,535 [INFO] IPUIPlugin:80 - create IPUIPlugin
2025-06-02 15:28:25,535 [INFO] PluginManager:220 - loadIPPluginJar : add opamp
2025-06-02 15:28:25,584 [INFO] IPUIPlugin:80 - create IPUIPlugin
2025-06-02 15:28:25,584 [INFO] PluginManager:220 - loadIPPluginJar : add openamp
2025-06-02 15:28:25,617 [INFO] IPUIPlugin:80 - create IPUIPlugin
2025-06-02 15:28:25,618 [INFO] PluginManager:220 - loadIPPluginJar : add pdm2pcm
2025-06-02 15:28:25,633 [INFO] IPUIPlugin:80 - create IPUIPlugin
2025-06-02 15:28:25,634 [INFO] PluginManager:220 - loadIPPluginJar : add plateformsettings
2025-06-02 15:28:25,660 [INFO] IPUIPlugin:80 - create IPUIPlugin
2025-06-02 15:28:25,660 [INFO] PluginManager:220 - loadIPPluginJar : add quadspi
2025-06-02 15:28:25,689 [INFO] IPUIPlugin:80 - create IPUIPlugin
2025-06-02 15:28:25,690 [INFO] PluginManager:220 - loadIPPluginJar : add radio
2025-06-02 15:28:25,701 [INFO] IPUIPlugin:80 - create IPUIPlugin
2025-06-02 15:28:25,701 [INFO] PluginManager:220 - loadIPPluginJar : add resmgrutility
2025-06-02 15:28:25,738 [INFO] IPUIPlugin:80 - create IPUIPlugin
2025-06-02 15:28:25,738 [INFO] PluginManager:220 - loadIPPluginJar : add sai
2025-06-02 15:28:25,768 [INFO] IPUIPlugin:80 - create IPUIPlugin
2025-06-02 15:28:25,768 [INFO] PluginManager:220 - loadIPPluginJar : add spi
2025-06-02 15:28:25,828 [INFO] IPUIPlugin:80 - create IPUIPlugin
2025-06-02 15:28:25,828 [INFO] PluginManager:220 - loadIPPluginJar : add stm32_wpan
2025-06-02 15:28:25,849 [INFO] IPUIPlugin:80 - create IPUIPlugin
2025-06-02 15:28:25,849 [INFO] PluginManager:220 - loadIPPluginJar : add tim
2025-06-02 15:28:25,912 [INFO] IPUIPlugin:80 - create IPUIPlugin
2025-06-02 15:28:25,912 [INFO] PluginManager:220 - loadIPPluginJar : add touchsensing
2025-06-02 15:28:25,934 [INFO] IPUIPlugin:80 - create IPUIPlugin
2025-06-02 15:28:25,934 [INFO] PluginManager:220 - loadIPPluginJar : add tracer_emb
2025-06-02 15:28:25,955 [INFO] IPUIPlugin:80 - create IPUIPlugin
2025-06-02 15:28:25,955 [INFO] PluginManager:220 - loadIPPluginJar : add ts
2025-06-02 15:28:25,976 [INFO] IPUIPlugin:80 - create IPUIPlugin
2025-06-02 15:28:25,976 [INFO] PluginManager:220 - loadIPPluginJar : add tsc
2025-06-02 15:28:25,998 [INFO] IPUIPlugin:80 - create IPUIPlugin
2025-06-02 15:28:25,998 [INFO] PluginManager:220 - loadIPPluginJar : add ucpd
2025-06-02 15:28:26,036 [INFO] IPUIPlugin:80 - create IPUIPlugin
2025-06-02 15:28:26,036 [INFO] PluginManager:220 - loadIPPluginJar : add usart
2025-06-02 15:28:26,072 [INFO] IPUIPlugin:80 - create IPUIPlugin
2025-06-02 15:28:26,072 [INFO] PluginManager:220 - loadIPPluginJar : add usbx
2025-06-02 15:28:26,185 [FATAL] Updater:351 - Updater called before beeing initialized
2025-06-02 15:28:26,209 [INFO] RulesReader:64 - Compatibility file has been processed (302 Rules)
2025-06-02 15:28:26,222 [INFO] RulesReader:64 - Compatibility file has been processed (302 Rules)
2025-06-02 15:28:26,231 [INFO] CADModel:165 - CPN selected for project level
2025-06-02 15:28:26,231 [INFO] CADModel:114 - Register for checkConnection events
2025-06-02 15:28:26,231 [FATAL] Updater:351 - Updater called before beeing initialized
2025-06-02 15:28:26,231 [ERROR] CADModel:125 - Updater not yet initialized, retry later 
2025-06-02 15:28:26,351 [FATAL] Updater:351 - Updater called before beeing initialized
2025-06-02 15:28:26,352 [INFO] CADModel:165 - CPN selected for project level
2025-06-02 15:28:26,352 [INFO] CADModel:114 - Register for checkConnection events
2025-06-02 15:28:26,352 [FATAL] Updater:351 - Updater called before beeing initialized
2025-06-02 15:28:26,352 [ERROR] CADModel:125 - Updater not yet initialized, retry later 
2025-06-02 15:28:26,356 [FATAL] Updater:351 - Updater called before beeing initialized
2025-06-02 15:28:26,453 [FATAL] Updater:351 - Updater called before beeing initialized
2025-06-02 15:28:26,463 [INFO] DbMcusAds:53 - JSON generation date=Wed May 07 18:07:55 KST 2025 (1746608875484)
2025-06-02 15:28:26,463 [FATAL] Updater:351 - Updater called before beeing initialized
2025-06-02 15:28:26,494 [WARN] DetailPanel:346 - Failed to get advertising image, set to default
2025-06-02 15:28:26,659 [FATAL] Updater:351 - Updater called before beeing initialized
2025-06-02 15:28:26,661 [FATAL] Updater:351 - Updater called before beeing initialized
2025-06-02 15:28:26,662 [FATAL] Updater:351 - Updater called before beeing initialized
2025-06-02 15:28:26,662 [WARN] DetailPanel:346 - Failed to get advertising image, set to default
2025-06-02 15:28:26,662 [FATAL] Updater:351 - Updater called before beeing initialized
2025-06-02 15:28:26,705 [ERROR] Updater:1198 - MainUpdater not yet initialized. External WinMGr cannot be set.
2025-06-02 15:28:26,714 [INFO] Updater:1134 - Updater Version found : 6.14.1
2025-06-02 15:28:26,731 [INFO] ApplicationProperties:184 - Using Application install path: C:\ST\STM32CubeIDE_1.18.1\STM32CubeIDE\plugins\com.st.stm32cube.common.mx_6.14.1.202504091515
2025-06-02 15:28:27,006 [INFO] ThirdPartyUpdaterWithRetryManager:70 - Updater plugin not ready yet. [2/15]
2025-06-02 15:28:28,327 [ERROR] LogOutputStream:75 - [STDERR_REDIRECT] Jun 02, 2025 3:28:28 PM java.util.prefs.WindowsPreferences <init>
2025-06-02 15:28:28,327 [ERROR] LogOutputStream:75 - [STDERR_REDIRECT] WARNING: Could not open/create prefs root node Software\JavaSoft\Prefs at root 0xffffffff80000002. Windows RegCreateKeyEx(...) returned error code 5.
2025-06-02 15:28:28,327 [ERROR] LogOutputStream:75 - [STDERR_REDIRECT] 
2025-06-02 15:28:28,717 [INFO] MainUpdater:2872 - connection check result : 10
2025-06-02 15:28:28,717 [INFO] MainUpdater:289 - Updater Check For Update Now.
2025-06-02 15:28:28,717 [INFO] MicroXplorer:498 - Change Database Version : DB.6.0.141
2025-06-02 15:28:28,744 [INFO] McuFinderGlobals:63 - Set McuFinder mode to 2 (CubeIDE integrated)
2025-06-02 15:28:28,744 [INFO] UserAuth:171 - activating auth plugin
2025-06-02 15:28:28,747 [INFO] UserAuth:484 - Internet connection configuration mode: 1
2025-06-02 15:28:28,776 [INFO] JxBrowserEngine:152 - Initiate JxBrowser Engine with user profile folder
2025-06-02 15:28:28,914 [INFO] CheckServerUpdateThread:120 - End of CheckServer Thread
2025-06-02 15:28:30,056 [INFO] WebApp:169 - Instantiating new browser for Auth
2025-06-02 15:28:30,216 [WARN] PackLoader:240 - Cannot read IP mode file for STMicroelectronics.FP-SNS-MOTENVWB1.1.4.0
2025-06-02 15:28:30,239 [WARN] PackLoader:240 - Cannot read IP mode file for STMicroelectronics.FP-ATR-ASTRA1.2.0.2
2025-06-02 15:28:30,258 [WARN] PackLoader:240 - Cannot read IP mode file for STMicroelectronics.X-CUBE-SMBUS.2.1.0
2025-06-02 15:28:30,276 [WARN] PackLoader:240 - Cannot read IP mode file for STMicroelectronics.X-CUBE-ST60.1.0.0
2025-06-02 15:28:30,316 [WARN] PackLoader:240 - Cannot read IP mode file for STMicroelectronics.X-CUBE-AZRTOS-F7.1.1.0
2025-06-02 15:28:30,346 [WARN] PackLoader:240 - Cannot read IP mode file for Infineon.AIROC-Wi-Fi-Bluetooth-STM32.1.7.0
2025-06-02 15:28:30,356 [WARN] PackLoader:240 - Cannot read IP mode file for STMicroelectronics.X-CUBE-DISPLAY.3.0.0
2025-06-02 15:28:30,376 [WARN] PackLoader:240 - Cannot read IP mode file for STMicroelectronics.X-CUBE-NFC10.1.0.0
2025-06-02 15:28:30,396 [WARN] PackLoader:240 - Cannot read IP mode file for STMicroelectronics.X-CUBE-BLEMGR.4.0.0
2025-06-02 15:28:30,412 [WARN] PackLoader:240 - Cannot read IP mode file for emotas.I-CUBE-CANOPEN.1.3.0
2025-06-02 15:28:30,417 [WARN] ConditionMgr:438 - getConditionDescription Invalid condition id : Cortex-A Device cause : null
2025-06-02 15:28:30,436 [WARN] ConditionMgr:1044 - genDependencies : Invalid condition id : Cortex-A Device cause : null
2025-06-02 15:28:30,436 [WARN] ConditionMgr:1044 - genDependencies : Invalid condition id : Cortex-A Device cause : null
2025-06-02 15:28:30,444 [WARN] ConditionMgr:1044 - genDependencies : Invalid condition id : Cortex-A Device cause : null
2025-06-02 15:28:30,453 [WARN] PackLoader:240 - Cannot read IP mode file for STMicroelectronics.X-CUBE-AI.10.0.0
2025-06-02 15:28:30,469 [WARN] PackLoader:240 - Cannot read IP mode file for STMicroelectronics.FP-SNS-SMARTAG2.1.2.0
2025-06-02 15:28:30,481 [WARN] PackLoader:240 - Cannot read IP mode file for STMicroelectronics.FP-SNS-FLIGHT1.5.1.0
2025-06-02 15:28:30,500 [INFO] LogOutputStream:77 - [STDOUT_REDIRECT] 1 : Invalid condition id : UX_CORESTACK_Condition cause : null
2025-06-02 15:28:30,502 [INFO] LogOutputStream:77 - [STDOUT_REDIRECT] 1 : Invalid condition id : UX_CORESTACK_Condition cause : null
2025-06-02 15:28:30,503 [INFO] LogOutputStream:77 - [STDOUT_REDIRECT] 1 : Invalid condition id : UX_CORESTACK_Condition cause : null
2025-06-02 15:28:30,503 [INFO] LogOutputStream:77 - [STDOUT_REDIRECT] 1 : Invalid condition id : UX_CORESTACK_Condition cause : null
2025-06-02 15:28:30,503 [INFO] LogOutputStream:77 - [STDOUT_REDIRECT] 1 : Invalid condition id : UX_CORESTACK_Condition cause : null
2025-06-02 15:28:30,505 [WARN] PackLoader:240 - Cannot read IP mode file for STMicroelectronics.X-CUBE-AZRTOS-WL.2.0.0
2025-06-02 15:28:30,516 [WARN] PackLoader:240 - Cannot read IP mode file for STMicroelectronics.FP-SNS-MOTENV1.5.0.0
2025-06-02 15:28:30,532 [WARN] PackLoader:240 - Cannot read IP mode file for WES.I-CUBE-Cesium.1.3.0
2025-06-02 15:28:30,548 [WARN] PackLoader:240 - Cannot read IP mode file for STMicroelectronics.X-CUBE-BLE2.3.3.0
2025-06-02 15:28:30,565 [WARN] PackLoader:240 - Cannot read IP mode file for STMicroelectronics.X-CUBE-NFC9.1.0.0
2025-06-02 15:28:30,577 [WARN] PackLoader:240 - Cannot read IP mode file for wolfSSL.I-CUBE-wolfSSL.5.8.0
2025-06-02 15:28:30,593 [WARN] PackLoader:240 - Cannot read IP mode file for STMicroelectronics.X-CUBE-BLE1.7.1.0
2025-06-02 15:28:30,604 [WARN] PackLoader:240 - Cannot read IP mode file for wolfSSL.I-CUBE-wolfMQTT.1.19.2
2025-06-02 15:28:30,645 [WARN] PackLoader:240 - Cannot read IP mode file for STMicroelectronics.X-CUBE-MEMS1.11.2.0
2025-06-02 15:28:30,726 [WARN] PackLoader:240 - Cannot read IP mode file for STMicroelectronics.X-CUBE-AZRTOS-G0.1.1.0
2025-06-02 15:28:30,738 [WARN] PackLoader:240 - Cannot read IP mode file for STMicroelectronics.X-CUBE-SAFEA1.1.2.2
2025-06-02 15:28:30,754 [WARN] PackLoader:240 - Cannot read IP mode file for STMicroelectronics.X-CUBE-NFC4.3.0.0
2025-06-02 15:28:30,787 [WARN] PackLoader:240 - Cannot read IP mode file for EmbeddedOffice.I-CUBE-FS-RTOS.1.0.1
2025-06-02 15:28:30,808 [WARN] PackLoader:240 - Cannot read IP mode file for STMicroelectronics.X-CUBE-WB05N.2.0.0
2025-06-02 15:28:30,822 [WARN] PackLoader:240 - Cannot read IP mode file for wolfSSL.I-CUBE-wolfTPM.3.8.0
2025-06-02 15:28:30,836 [WARN] PackLoader:240 - Cannot read IP mode file for STMicroelectronics.X-CUBE-TCPP.4.2.0
2025-06-02 15:28:30,848 [WARN] PackLoader:240 - Cannot read IP mode file for RealThread.X-CUBE-RT-Thread_Nano.4.1.1
2025-06-02 15:28:30,864 [WARN] PackLoader:240 - Cannot read IP mode file for STMicroelectronics.FP-ATR-SIGFOX1.3.2.0
2025-06-02 15:28:30,879 [INFO] WebApp:463 - Apply proxy settings
2025-06-02 15:28:30,879 [INFO] WebApp:548 - Chromium requires no authentication
2025-06-02 15:28:30,879 [WARN] PackLoader:240 - Cannot read IP mode file for STMicroelectronics.X-CUBE-EEPRMA1.5.1.0
2025-06-02 15:28:30,902 [INFO] WebApp:491 - Direct internet connection detected
2025-06-02 15:28:30,909 [WARN] PackLoader:240 - Cannot read IP mode file for ITTIA_DB.I-CUBE-ITTIADB.8.9.0
2025-06-02 15:28:30,928 [INFO] WebApp:894 - Register for checkConnection events
2025-06-02 15:28:30,928 [INFO] WebApp:463 - Apply proxy settings
2025-06-02 15:28:30,928 [INFO] WebApp:548 - Chromium requires no authentication
2025-06-02 15:28:30,932 [WARN] PackLoader:240 - Cannot read IP mode file for SEGGER.I-CUBE-embOS.1.3.1
2025-06-02 15:28:30,933 [INFO] WebApp:491 - Direct internet connection detected
2025-06-02 15:28:30,965 [WARN] PackLoader:240 - Cannot read IP mode file for STMicroelectronics.X-CUBE-ALGOBUILD.1.4.0
2025-06-02 15:28:30,989 [WARN] PackLoader:240 - Cannot read IP mode file for STMicroelectronics.X-CUBE-AZRTOS-F4.1.1.0
2025-06-02 15:28:30,999 [WARN] PackLoader:240 - Cannot read IP mode file for STMicroelectronics.X-CUBE-ISPU.2.1.0
2025-06-02 15:28:31,026 [WARN] PackLoader:240 - Cannot read IP mode file for STMicroelectronics.X-CUBE-AZRTOS-L5.2.0.0
2025-06-02 15:28:31,043 [WARN] PackLoader:240 - Cannot read IP mode file for STMicroelectronics.X-CUBE-NFC6.3.1.0
2025-06-02 15:28:31,056 [WARN] PackLoader:240 - Cannot read IP mode file for STMicroelectronics.X-CUBE-FREERTOS.1.3.1
2025-06-02 15:28:31,071 [WARN] PackLoader:240 - Cannot read IP mode file for STMicroelectronics.X-CUBE-DPower.1.3.0
2025-06-02 15:28:31,099 [WARN] ConditionMgr:438 - getConditionDescription Invalid condition id : LAN8742 Phy interface Condition cause : null
2025-06-02 15:28:31,099 [WARN] PackLoader:240 - Cannot read IP mode file for STMicroelectronics.X-CUBE-AZRTOS-L4.2.0.0
2025-06-02 15:28:31,099 [WARN] ConditionMgr:1044 - genDependencies : Invalid condition id : LAN8742 Phy interface Condition cause : null
2025-06-02 15:28:31,099 [WARN] ConditionMgr:1044 - genDependencies : Invalid condition id : LAN8742 Phy interface Condition cause : null
2025-06-02 15:28:31,101 [WARN] ConditionMgr:1044 - genDependencies : Invalid condition id : LAN8742 Phy interface Condition cause : null
2025-06-02 15:28:31,126 [WARN] PackLoader:240 - Cannot read IP mode file for STMicroelectronics.X-CUBE-SFXS2LP1.4.0.0
2025-06-02 15:28:31,176 [WARN] PackLoader:240 - Cannot read IP mode file for STMicroelectronics.X-CUBE-AZRTOS-H7.3.3.0
2025-06-02 15:28:31,199 [WARN] ConditionMgr:438 - getConditionDescription Invalid condition id : UX DEVICE CLASS RTOS Condition cause : null
2025-06-02 15:28:31,199 [WARN] ConditionMgr:438 - getConditionDescription Invalid condition id : UX DEVICE CLASS RTOS Condition cause : null
2025-06-02 15:28:31,206 [WARN] PackLoader:240 - Cannot read IP mode file for STMicroelectronics.X-CUBE-AZRTOS-WB.2.0.0
2025-06-02 15:28:31,206 [WARN] ConditionMgr:1044 - genDependencies : Invalid condition id : UX DEVICE CLASS RTOS Condition cause : null
2025-06-02 15:28:31,206 [WARN] ConditionMgr:1044 - genDependencies : Invalid condition id : UX DEVICE CLASS RTOS Condition cause : null
2025-06-02 15:28:31,206 [WARN] ConditionMgr:1044 - genDependencies : Invalid condition id : UX DEVICE CLASS RTOS Condition cause : null
2025-06-02 15:28:31,206 [WARN] ConditionMgr:1044 - genDependencies : Invalid condition id : UX DEVICE CLASS RTOS Condition cause : null
2025-06-02 15:28:31,206 [WARN] ConditionMgr:1044 - genDependencies : Invalid condition id : UX DEVICE CLASS RTOS Condition cause : null
2025-06-02 15:28:31,219 [WARN] PackLoader:240 - Cannot read IP mode file for STMicroelectronics.X-CUBE-GNSS1.7.0.1
2025-06-02 15:28:31,236 [WARN] PackLoader:240 - Cannot read IP mode file for STMicroelectronics.X-CUBE-TOUCHGFX.4.25.0
2025-06-02 15:28:31,248 [WARN] PackLoader:240 - Cannot read IP mode file for STMicroelectronics.FP-SNS-STBOX1.2.0.0
2025-06-02 15:28:31,267 [WARN] PackLoader:240 - Cannot read IP mode file for STMicroelectronics.X-CUBE-SUBG2.5.0.0
2025-06-02 15:28:31,302 [INFO] WebApp:191 - Connection restablished
2025-06-02 15:28:31,302 [WARN] PackLoader:240 - Cannot read IP mode file for STMicroelectronics.X-CUBE-AZRTOS-H7RS.1.1.0
2025-06-02 15:28:31,304 [INFO] WebApp:225 - Starting web application
2025-06-02 15:28:31,304 [INFO] WebApp:593 - Web application path used C:\ST\STM32CubeIDE_1.18.1\STM32CubeIDE\plugins\com.st.stm32cube.common.mx_6.14.1.202504091515\db\plugins\mcufinder\reactClient1\index.html
2025-06-02 15:28:31,318 [WARN] PackLoader:240 - Cannot read IP mode file for Cesanta.I-CUBE-Mongoose.7.13.0
2025-06-02 15:28:31,344 [WARN] PackLoader:240 - Cannot read IP mode file for STMicroelectronics.X-CUBE-AZRTOS-G4.2.0.0
2025-06-02 15:28:31,358 [WARN] PackLoader:240 - Cannot read IP mode file for wolfSSL.I-CUBE-wolfSSH.1.4.20
2025-06-02 15:28:31,371 [WARN] PackLoader:240 - Cannot read IP mode file for STMicroelectronics.X-CUBE-NFC7.2.0.0
2025-06-02 15:28:31,391 [WARN] PackLoader:240 - Cannot read IP mode file for STMicroelectronics.X-CUBE-IPS.3.1.0
2025-06-02 15:28:31,408 [WARN] PackLoader:240 - Cannot read IP mode file for STMicroelectronics.X-CUBE-ALS.1.0.2
2025-06-02 15:28:31,424 [WARN] PackLoader:240 - Cannot read IP mode file for portGmbH.I-Cube-SoM-uGOAL.1.1.0
2025-06-02 15:28:31,442 [WARN] PackLoader:240 - Cannot read IP mode file for STMicroelectronics.X-CUBE-TOF1.3.4.3
2025-06-02 15:28:31,448 [INFO] ThirdParty:978 - Integrity check success = true
2025-06-02 15:28:31,448 [INFO] IntegrityCheckThread:100 - exiting critical section [integrity check]
2025-06-02 15:28:31,448 [INFO] IntegrityCheckThread:103 - End integrity checks thread
2025-06-02 17:49:46,090 [ERROR] LogOutputStream:75 - [STDERR_REDIRECT] 
2025-06-02 17:49:46,091 [ERROR] LogOutputStream:75 - [STDERR_REDIRECT] 
