2025-06-24 09:16:05,740 [INFO] Activator:176 - 


2025-06-24 09:16:05,745 [INFO] Activator:177 - !SESSION log4j initialized
2025-06-24 09:16:11,616 [INFO] LogOutputStream:77 - [STDOUT_REDIRECT] 
2025-06-24 09:16:16,586 [INFO] ApplicationProperties:184 - Using Application install path: C:\ST\STM32CubeIDE_1.18.1\STM32CubeIDE\plugins\com.st.stm32cube.common.mx_6.14.1.202504091515
2025-06-24 09:16:16,598 [INFO] DbMcusXml:78 - Set database path to: C:\ST\STM32CubeIDE_1.18.1\STM32CubeIDE\plugins\com.st.stm32cube.common.mx_6.14.1.202504091515\\db\/mcu/
2025-06-24 09:16:16,598 [INFO] ApiDb:274 - Set plugin database path to: C:\ST\STM32CubeIDE_1.18.1\STM32CubeIDE\plugins\com.st.stm32cube.common.mx_6.14.1.202504091515\\db\/plugins/boardmanager/
2025-06-24 09:16:16,608 [WARN] ApiDb:259 - Overriding images path with different value:  => C:\ST\STM32CubeIDE_1.18.1\STM32CubeIDE\plugins\com.st.stm32cube.common.mx_6.14.1.202504091515\\db\/plugins/mcufinder/images/
2025-06-24 09:16:16,616 [INFO] ApiDb:250 - Set database path to: C:\Users\kccistc\.stmcufinder\plugins\mcufinder//mcu/
2025-06-24 09:16:16,617 [INFO] DbMcusAds:125 - Set database path to: C:\Users\kccistc\.stmcufinder\plugins\mcufinder//mcu/
2025-06-24 09:16:16,619 [INFO] CrossReferenceDbSqlite:203 - Set database path to: C:\Users\kccistc\.stmcufinder\plugins\mcufinder//mcu/cs/
2025-06-24 09:16:16,706 [INFO] RulesReader:64 - Compatibility file has been processed (302 Rules)
2025-06-24 09:16:16,769 [INFO] DbMcusXml:78 - Set database path to: C:\ST\STM32CubeIDE_1.18.1\STM32CubeIDE\plugins\com.st.stm32cube.common.mx_6.14.1.202504091515\\db\/mcu/
2025-06-24 09:16:16,769 [INFO] ApiDb:274 - Set plugin database path to: C:\ST\STM32CubeIDE_1.18.1\STM32CubeIDE\plugins\com.st.stm32cube.common.mx_6.14.1.202504091515\\db\/plugins/boardmanager/
2025-06-24 09:16:16,769 [INFO] ApiDb:261 - Set plugin images path to: C:\ST\STM32CubeIDE_1.18.1\STM32CubeIDE\plugins\com.st.stm32cube.common.mx_6.14.1.202504091515\\db\/plugins/mcufinder/images/
2025-06-24 09:16:16,769 [WARN] DbFile:41 - Overriding database path with different value: C:\Users\kccistc\.stmcufinder\plugins\mcufinder/ => C:\Users\kccistc\.stmcufinder\plugins\mcufinder
2025-06-24 09:16:16,769 [INFO] ApiDb:250 - Set database path to: C:\Users\kccistc\.stmcufinder\plugins\mcufinder//mcu/
2025-06-24 09:16:16,770 [WARN] DbFile:41 - Overriding database path with different value: C:\Users\kccistc\.stmcufinder\plugins\mcufinder/ => C:\Users\kccistc\.stmcufinder\plugins\mcufinder
2025-06-24 09:16:16,770 [INFO] DbMcusAds:125 - Set database path to: C:\Users\kccistc\.stmcufinder\plugins\mcufinder//mcu/
2025-06-24 09:16:16,770 [WARN] DbFile:41 - Overriding database path with different value: C:\Users\kccistc\.stmcufinder\plugins\mcufinder/ => C:\Users\kccistc\.stmcufinder\plugins\mcufinder
2025-06-24 09:16:16,770 [WARN] DbFile:41 - Overriding database path with different value: C:\Users\kccistc\.stmcufinder\plugins\mcufinder/ => C:\Users\kccistc\.stmcufinder\plugins\mcufinder
2025-06-24 09:16:16,770 [INFO] CrossReferenceDbSqlite:203 - Set database path to: C:\Users\kccistc\.stmcufinder\plugins\mcufinder//mcu/cs/
2025-06-24 09:16:16,827 [INFO] MainPanel:272 - HeapMemory: 268435456
2025-06-24 09:16:16,910 [INFO] DbMcusXml:78 - Set database path to: C:\ST\STM32CubeIDE_1.18.1\STM32CubeIDE\plugins\com.st.stm32cube.common.mx_6.14.1.202504091515\\db\/mcu/
2025-06-24 09:16:16,910 [INFO] ApiDb:274 - Set plugin database path to: C:\ST\STM32CubeIDE_1.18.1\STM32CubeIDE\plugins\com.st.stm32cube.common.mx_6.14.1.202504091515\\db\/plugins/boardmanager/
2025-06-24 09:16:16,910 [INFO] ApiDb:261 - Set plugin images path to: C:\ST\STM32CubeIDE_1.18.1\STM32CubeIDE\plugins\com.st.stm32cube.common.mx_6.14.1.202504091515\\db\/plugins/mcufinder/images/
2025-06-24 09:16:16,910 [WARN] DbFile:41 - Overriding database path with different value: C:\Users\kccistc\.stmcufinder\plugins\mcufinder/ => C:\Users\kccistc\.stmcufinder\plugins\mcufinder
2025-06-24 09:16:16,912 [INFO] ApiDb:250 - Set database path to: C:\Users\kccistc\.stmcufinder\plugins\mcufinder//mcu/
2025-06-24 09:16:16,912 [WARN] DbFile:41 - Overriding database path with different value: C:\Users\kccistc\.stmcufinder\plugins\mcufinder/ => C:\Users\kccistc\.stmcufinder\plugins\mcufinder
2025-06-24 09:16:16,912 [INFO] DbMcusAds:125 - Set database path to: C:\Users\kccistc\.stmcufinder\plugins\mcufinder//mcu/
2025-06-24 09:16:16,912 [WARN] DbFile:41 - Overriding database path with different value: C:\Users\kccistc\.stmcufinder\plugins\mcufinder/ => C:\Users\kccistc\.stmcufinder\plugins\mcufinder
2025-06-24 09:16:16,912 [WARN] DbFile:41 - Overriding database path with different value: C:\Users\kccistc\.stmcufinder\plugins\mcufinder/ => C:\Users\kccistc\.stmcufinder\plugins\mcufinder
2025-06-24 09:16:16,912 [INFO] CrossReferenceDbSqlite:203 - Set database path to: C:\Users\kccistc\.stmcufinder\plugins\mcufinder//mcu/cs/
2025-06-24 09:16:16,925 [INFO] ApplicationProperties:184 - Using Application install path: C:\ST\STM32CubeIDE_1.18.1\STM32CubeIDE\plugins\com.st.stm32cube.common.mx_6.14.1.202504091515
2025-06-24 09:16:16,926 [INFO] PluginManage:196 - Search for loadable plugins [exclusion list=, ]
2025-06-24 09:16:16,927 [INFO] PluginManage:310 - Check plugin analytics
2025-06-24 09:16:17,091 [INFO] AnalyticsPlugin:253 - Accepted Software Licenses: 
2025-06-24 09:16:17,093 [INFO] AnalyticsPlugin:255 - Accepted CMSIS Pack Licenses: 
2025-06-24 09:16:17,093 [INFO] AnalyticsPlugin:257 - Accepted Firmware Licenses: FW.F4.1.28.0
2025-06-24 09:16:17,095 [INFO] PluginManage:359 - Loaded plugin analytics (category:tool,tabindex:-1)
2025-06-24 09:16:17,095 [INFO] PluginManage:310 - Check plugin cadmodel
2025-06-24 09:16:17,114 [INFO] CADModel:105 - Init CAD model plugin
2025-06-24 09:16:17,114 [INFO] PluginManage:359 - Loaded plugin cadmodel (category:power,tabindex:5)
2025-06-24 09:16:17,114 [INFO] PluginManage:310 - Check plugin clock
2025-06-24 09:16:17,130 [INFO] PluginManage:359 - Loaded plugin clock (category:base,tabindex:2)
2025-06-24 09:16:17,130 [INFO] PluginManage:310 - Check plugin ddr
2025-06-24 09:16:17,133 [INFO] PluginManage:359 - Loaded plugin ddr (category:tool,tabindex:6)
2025-06-24 09:16:17,133 [INFO] PluginManage:310 - Check plugin filemanager
2025-06-24 09:16:17,238 [INFO] PluginManage:359 - Loaded plugin filemanager (category:base,tabindex:10)
2025-06-24 09:16:17,238 [INFO] PluginManage:310 - Check plugin ipmanager
2025-06-24 09:16:17,244 [INFO] PluginManage:359 - Loaded plugin ipmanager (category:base,tabindex:5)
2025-06-24 09:16:17,244 [INFO] PluginManage:310 - Check plugin lpbam
2025-06-24 09:16:17,258 [INFO] PluginManage:359 - Loaded plugin lpbam (category:base,tabindex:0)
2025-06-24 09:16:17,258 [INFO] PluginManage:310 - Check plugin memorymap
2025-06-24 09:16:17,276 [INFO] PluginManage:359 - Loaded plugin memorymap (category:base,tabindex:4)
2025-06-24 09:16:17,276 [INFO] PluginManage:310 - Check plugin pinoutandconfiguration
2025-06-24 09:16:17,292 [INFO] PluginManage:359 - Loaded plugin pinoutandconfiguration (category:base,tabindex:1)
2025-06-24 09:16:17,292 [INFO] PluginManage:310 - Check plugin pinoutconfig
2025-06-24 09:16:17,365 [WARN] SupportedApi:132 - Cannot load RTOS API schema: s4s-elt-must-match.1: The content of 'definitions' must match (annotation?, (simpleType | complexType)?, (unique | key | keyref)*)). A problem was found starting at: attribute.
2025-06-24 09:16:17,459 [INFO] PluginManage:359 - Loaded plugin pinoutconfig (category:base,tabindex:0)
2025-06-24 09:16:17,459 [INFO] PluginManage:310 - Check plugin power
2025-06-24 09:16:17,476 [INFO] PluginManage:359 - Loaded plugin power (category:power,tabindex:4)
2025-06-24 09:16:17,476 [INFO] PluginManage:310 - Check plugin projectmanager
2025-06-24 09:16:17,487 [INFO] PluginManage:359 - Loaded plugin projectmanager (category:projectmanager,tabindex:4)
2025-06-24 09:16:17,488 [INFO] PluginManage:310 - Check plugin rif
2025-06-24 09:16:17,508 [INFO] PluginManage:359 - Loaded plugin rif (category:base,tabindex:3)
2025-06-24 09:16:17,509 [INFO] PluginManage:310 - Check plugin thirdparty
2025-06-24 09:16:17,745 [INFO] PluginManage:359 - Loaded plugin thirdparty (category:base,tabindex:-1)
2025-06-24 09:16:17,745 [WARN] IntegrityCheckThread:84 - waiting for thirdparty lock release [integrity check]
2025-06-24 09:16:17,745 [INFO] PluginManage:310 - Check plugin tools
2025-06-24 09:16:17,745 [INFO] IntegrityCheckThread:86 - entering critical section [integrity check]
2025-06-24 09:16:17,745 [INFO] ThirdPartyUpdaterWithRetryManager:70 - Updater plugin not ready yet. [1/15]
2025-06-24 09:16:17,774 [INFO] PluginManage:359 - Loaded plugin tools (category:base,tabindex:7)
2025-06-24 09:16:17,774 [INFO] PluginManage:310 - Check plugin tutovideos
2025-06-24 09:16:17,907 [INFO] PluginManage:359 - Loaded plugin tutovideos (category:base,tabindex:-1)
2025-06-24 09:16:17,907 [INFO] PluginManage:310 - Check plugin updater
2025-06-24 09:16:17,923 [INFO] PluginManage:359 - Loaded plugin updater (category:base,tabindex:12)
2025-06-24 09:16:17,924 [INFO] PluginManage:310 - Check plugin userauth
2025-06-24 09:16:17,926 [INFO] UserAuth:118 - Init User Auth plugin
2025-06-24 09:16:17,927 [INFO] PluginManage:359 - Loaded plugin userauth (category:base,tabindex:14)
2025-06-24 09:16:17,927 [INFO] PluginManage:283 - PluginManage : Loaded plugins [18]
2025-06-24 09:16:18,078 [INFO] PinOutPanel:1589 - setPackage(No Configuration,No Configuration)
2025-06-24 09:16:18,140 [INFO] CADModel:165 - CPN selected for project level
2025-06-24 09:16:18,140 [INFO] CADModel:114 - Register for checkConnection events
2025-06-24 09:16:18,161 [INFO] IPUIPlugin:80 - create IPUIPlugin
2025-06-24 09:16:18,161 [INFO] PluginManager:220 - loadIPPluginJar : add adc
2025-06-24 09:16:18,195 [INFO] IPUIPlugin:80 - create IPUIPlugin
2025-06-24 09:16:18,195 [INFO] PluginManager:220 - loadIPPluginJar : add aes
2025-06-24 09:16:18,233 [INFO] IPUIPlugin:80 - create IPUIPlugin
2025-06-24 09:16:18,234 [INFO] PluginManager:220 - loadIPPluginJar : add can
2025-06-24 09:16:18,257 [INFO] IPUIPlugin:80 - create IPUIPlugin
2025-06-24 09:16:18,257 [INFO] PluginManager:220 - loadIPPluginJar : add comp
2025-06-24 09:16:18,285 [INFO] IPUIPlugin:80 - create IPUIPlugin
2025-06-24 09:16:18,293 [INFO] PluginManager:220 - loadIPPluginJar : add cryp
2025-06-24 09:16:18,304 [INFO] IPUIPlugin:80 - create IPUIPlugin
2025-06-24 09:16:18,305 [INFO] PluginManager:220 - loadIPPluginJar : add ddr_ctrl_phy
2025-06-24 09:16:18,328 [INFO] IPUIPlugin:80 - create IPUIPlugin
2025-06-24 09:16:18,328 [INFO] PluginManager:220 - loadIPPluginJar : add dfsdm
2025-06-24 09:16:18,339 [INFO] IPUIPlugin:80 - create IPUIPlugin
2025-06-24 09:16:18,339 [INFO] PluginManager:220 - loadIPPluginJar : add dma
2025-06-24 09:16:18,368 [INFO] IPUIPlugin:80 - create IPUIPlugin
2025-06-24 09:16:18,368 [INFO] PluginManager:220 - loadIPPluginJar : add dma3
2025-06-24 09:16:18,403 [INFO] IPUIPlugin:80 - create IPUIPlugin
2025-06-24 09:16:18,403 [INFO] PluginManager:220 - loadIPPluginJar : add extmemmanager
2025-06-24 09:16:18,419 [INFO] IPUIPlugin:80 - create IPUIPlugin
2025-06-24 09:16:18,419 [INFO] PluginManager:220 - loadIPPluginJar : add fatfs
2025-06-24 09:16:18,455 [INFO] IPUIPlugin:80 - create IPUIPlugin
2025-06-24 09:16:18,455 [INFO] PluginManager:220 - loadIPPluginJar : add fmc
2025-06-24 09:16:18,468 [INFO] IPUIPlugin:80 - create IPUIPlugin
2025-06-24 09:16:18,468 [INFO] PluginManager:220 - loadIPPluginJar : add freertos
2025-06-24 09:16:18,485 [INFO] IPUIPlugin:80 - create IPUIPlugin
2025-06-24 09:16:18,485 [INFO] PluginManager:220 - loadIPPluginJar : add genericplugin
2025-06-24 09:16:18,573 [INFO] IPUIPlugin:80 - create IPUIPlugin
2025-06-24 09:16:18,573 [INFO] PluginManager:220 - loadIPPluginJar : add gfxmmu
2025-06-24 09:16:18,692 [INFO] IPUIPlugin:80 - create IPUIPlugin
2025-06-24 09:16:18,692 [INFO] PluginManager:220 - loadIPPluginJar : add gic
2025-06-24 09:16:18,704 [INFO] IPUIPlugin:80 - create IPUIPlugin
2025-06-24 09:16:18,704 [INFO] PluginManager:220 - loadIPPluginJar : add gpio
2025-06-24 09:16:18,774 [INFO] IPUIPlugin:80 - create IPUIPlugin
2025-06-24 09:16:18,774 [INFO] PluginManager:220 - loadIPPluginJar : add gtzc
2025-06-24 09:16:18,804 [INFO] IPUIPlugin:80 - create IPUIPlugin
2025-06-24 09:16:18,804 [INFO] PluginManager:220 - loadIPPluginJar : add hash
2025-06-24 09:16:18,844 [INFO] IPUIPlugin:80 - create IPUIPlugin
2025-06-24 09:16:18,844 [INFO] PluginManager:220 - loadIPPluginJar : add i2c
2025-06-24 09:16:18,873 [INFO] IPUIPlugin:80 - create IPUIPlugin
2025-06-24 09:16:18,874 [INFO] PluginManager:220 - loadIPPluginJar : add i2s
2025-06-24 09:16:18,906 [INFO] IPUIPlugin:80 - create IPUIPlugin
2025-06-24 09:16:18,908 [INFO] PluginManager:220 - loadIPPluginJar : add i3c
2025-06-24 09:16:18,980 [INFO] IPUIPlugin:80 - create IPUIPlugin
2025-06-24 09:16:18,980 [INFO] PluginManager:220 - loadIPPluginJar : add ipddr
2025-06-24 09:16:19,049 [INFO] IPUIPlugin:80 - create IPUIPlugin
2025-06-24 09:16:19,049 [INFO] PluginManager:220 - loadIPPluginJar : add linkedlist
2025-06-24 09:16:19,078 [INFO] IPUIPlugin:80 - create IPUIPlugin
2025-06-24 09:16:19,078 [INFO] PluginManager:220 - loadIPPluginJar : add lorawan
2025-06-24 09:16:19,114 [INFO] IPUIPlugin:80 - create IPUIPlugin
2025-06-24 09:16:19,114 [INFO] PluginManager:220 - loadIPPluginJar : add ltdc
2025-06-24 09:16:19,126 [INFO] IPUIPlugin:80 - create IPUIPlugin
2025-06-24 09:16:19,126 [INFO] PluginManager:220 - loadIPPluginJar : add mdma
2025-06-24 09:16:19,136 [INFO] IPUIPlugin:80 - create IPUIPlugin
2025-06-24 09:16:19,136 [INFO] PluginManager:220 - loadIPPluginJar : add nvic
2025-06-24 09:16:19,166 [INFO] IPUIPlugin:80 - create IPUIPlugin
2025-06-24 09:16:19,166 [INFO] PluginManager:220 - loadIPPluginJar : add opamp
2025-06-24 09:16:19,217 [INFO] IPUIPlugin:80 - create IPUIPlugin
2025-06-24 09:16:19,217 [INFO] PluginManager:220 - loadIPPluginJar : add openamp
2025-06-24 09:16:19,266 [INFO] IPUIPlugin:80 - create IPUIPlugin
2025-06-24 09:16:19,266 [INFO] PluginManager:220 - loadIPPluginJar : add pdm2pcm
2025-06-24 09:16:19,279 [INFO] IPUIPlugin:80 - create IPUIPlugin
2025-06-24 09:16:19,282 [INFO] PluginManager:220 - loadIPPluginJar : add plateformsettings
2025-06-24 09:16:19,303 [INFO] IPUIPlugin:80 - create IPUIPlugin
2025-06-24 09:16:19,303 [INFO] PluginManager:220 - loadIPPluginJar : add quadspi
2025-06-24 09:16:19,326 [INFO] IPUIPlugin:80 - create IPUIPlugin
2025-06-24 09:16:19,326 [INFO] PluginManager:220 - loadIPPluginJar : add radio
2025-06-24 09:16:19,339 [INFO] IPUIPlugin:80 - create IPUIPlugin
2025-06-24 09:16:19,339 [INFO] PluginManager:220 - loadIPPluginJar : add resmgrutility
2025-06-24 09:16:19,375 [INFO] IPUIPlugin:80 - create IPUIPlugin
2025-06-24 09:16:19,375 [INFO] PluginManager:220 - loadIPPluginJar : add sai
2025-06-24 09:16:19,408 [INFO] IPUIPlugin:80 - create IPUIPlugin
2025-06-24 09:16:19,408 [INFO] PluginManager:220 - loadIPPluginJar : add spi
2025-06-24 09:16:19,470 [INFO] IPUIPlugin:80 - create IPUIPlugin
2025-06-24 09:16:19,470 [INFO] PluginManager:220 - loadIPPluginJar : add stm32_wpan
2025-06-24 09:16:19,508 [INFO] IPUIPlugin:80 - create IPUIPlugin
2025-06-24 09:16:19,508 [INFO] PluginManager:220 - loadIPPluginJar : add tim
2025-06-24 09:16:19,582 [INFO] IPUIPlugin:80 - create IPUIPlugin
2025-06-24 09:16:19,582 [INFO] PluginManager:220 - loadIPPluginJar : add touchsensing
2025-06-24 09:16:19,612 [INFO] IPUIPlugin:80 - create IPUIPlugin
2025-06-24 09:16:19,612 [INFO] PluginManager:220 - loadIPPluginJar : add tracer_emb
2025-06-24 09:16:19,637 [INFO] IPUIPlugin:80 - create IPUIPlugin
2025-06-24 09:16:19,637 [INFO] PluginManager:220 - loadIPPluginJar : add ts
2025-06-24 09:16:19,657 [INFO] IPUIPlugin:80 - create IPUIPlugin
2025-06-24 09:16:19,658 [INFO] PluginManager:220 - loadIPPluginJar : add tsc
2025-06-24 09:16:19,674 [INFO] IPUIPlugin:80 - create IPUIPlugin
2025-06-24 09:16:19,674 [INFO] PluginManager:220 - loadIPPluginJar : add ucpd
2025-06-24 09:16:19,709 [INFO] IPUIPlugin:80 - create IPUIPlugin
2025-06-24 09:16:19,709 [INFO] PluginManager:220 - loadIPPluginJar : add usart
2025-06-24 09:16:19,743 [INFO] IPUIPlugin:80 - create IPUIPlugin
2025-06-24 09:16:19,743 [INFO] PluginManager:220 - loadIPPluginJar : add usbx
2025-06-24 09:16:19,853 [FATAL] Updater:351 - Updater called before beeing initialized
2025-06-24 09:16:19,877 [INFO] RulesReader:64 - Compatibility file has been processed (302 Rules)
2025-06-24 09:16:19,900 [INFO] RulesReader:64 - Compatibility file has been processed (302 Rules)
2025-06-24 09:16:19,912 [INFO] CADModel:165 - CPN selected for project level
2025-06-24 09:16:19,912 [INFO] CADModel:114 - Register for checkConnection events
2025-06-24 09:16:19,912 [FATAL] Updater:351 - Updater called before beeing initialized
2025-06-24 09:16:19,912 [ERROR] CADModel:125 - Updater not yet initialized, retry later 
2025-06-24 09:16:20,030 [FATAL] Updater:351 - Updater called before beeing initialized
2025-06-24 09:16:20,032 [INFO] CADModel:165 - CPN selected for project level
2025-06-24 09:16:20,032 [INFO] CADModel:114 - Register for checkConnection events
2025-06-24 09:16:20,032 [FATAL] Updater:351 - Updater called before beeing initialized
2025-06-24 09:16:20,032 [ERROR] CADModel:125 - Updater not yet initialized, retry later 
2025-06-24 09:16:20,035 [FATAL] Updater:351 - Updater called before beeing initialized
2025-06-24 09:16:20,141 [FATAL] Updater:351 - Updater called before beeing initialized
2025-06-24 09:16:20,151 [INFO] DbMcusAds:53 - JSON generation date=Thu Jun 19 17:32:34 KST 2025 (1750321954415)
2025-06-24 09:16:20,151 [FATAL] Updater:351 - Updater called before beeing initialized
2025-06-24 09:16:20,179 [WARN] DetailPanel:346 - Failed to get advertising image, set to default
2025-06-24 09:16:20,334 [FATAL] Updater:351 - Updater called before beeing initialized
2025-06-24 09:16:20,336 [FATAL] Updater:351 - Updater called before beeing initialized
2025-06-24 09:16:20,336 [FATAL] Updater:351 - Updater called before beeing initialized
2025-06-24 09:16:20,336 [WARN] DetailPanel:346 - Failed to get advertising image, set to default
2025-06-24 09:16:20,337 [FATAL] Updater:351 - Updater called before beeing initialized
2025-06-24 09:16:20,383 [ERROR] Updater:1198 - MainUpdater not yet initialized. External WinMGr cannot be set.
2025-06-24 09:16:20,392 [INFO] Updater:1134 - Updater Version found : 6.14.1
2025-06-24 09:16:20,407 [INFO] ApplicationProperties:184 - Using Application install path: C:\ST\STM32CubeIDE_1.18.1\STM32CubeIDE\plugins\com.st.stm32cube.common.mx_6.14.1.202504091515
2025-06-24 09:16:20,747 [INFO] ThirdPartyUpdaterWithRetryManager:70 - Updater plugin not ready yet. [2/15]
2025-06-24 09:16:21,982 [ERROR] LogOutputStream:75 - [STDERR_REDIRECT] Jun 24, 2025 9:16:21 AM java.util.prefs.WindowsPreferences <init>
2025-06-24 09:16:21,983 [ERROR] LogOutputStream:75 - [STDERR_REDIRECT] WARNING: Could not open/create prefs root node Software\JavaSoft\Prefs at root 0xffffffff80000002. Windows RegCreateKeyEx(...) returned error code 5.
2025-06-24 09:16:21,983 [ERROR] LogOutputStream:75 - [STDERR_REDIRECT] 
2025-06-24 09:16:22,315 [INFO] MainUpdater:2872 - connection check result : 10
2025-06-24 09:16:22,315 [INFO] MainUpdater:289 - Updater Check For Update Now.
2025-06-24 09:16:22,315 [INFO] MicroXplorer:498 - Change Database Version : DB.6.0.141
2025-06-24 09:16:22,337 [INFO] McuFinderGlobals:63 - Set McuFinder mode to 2 (CubeIDE integrated)
2025-06-24 09:16:22,337 [INFO] UserAuth:171 - activating auth plugin
2025-06-24 09:16:22,339 [INFO] UserAuth:484 - Internet connection configuration mode: 1
2025-06-24 09:16:22,368 [INFO] JxBrowserEngine:152 - Initiate JxBrowser Engine with user profile folder
2025-06-24 09:16:22,515 [INFO] CheckServerUpdateThread:120 - End of CheckServer Thread
2025-06-24 09:16:23,605 [INFO] WebApp:169 - Instantiating new browser for Auth
2025-06-24 09:16:23,905 [WARN] PackLoader:240 - Cannot read IP mode file for STMicroelectronics.FP-SNS-MOTENVWB1.1.4.0
2025-06-24 09:16:23,924 [WARN] PackLoader:240 - Cannot read IP mode file for STMicroelectronics.FP-ATR-ASTRA1.2.0.2
2025-06-24 09:16:23,938 [WARN] PackLoader:240 - Cannot read IP mode file for STMicroelectronics.X-CUBE-SMBUS.2.1.0
2025-06-24 09:16:23,950 [WARN] PackLoader:240 - Cannot read IP mode file for STMicroelectronics.X-CUBE-ST60.1.0.0
2025-06-24 09:16:23,991 [WARN] PackLoader:240 - Cannot read IP mode file for STMicroelectronics.X-CUBE-AZRTOS-F7.1.1.0
2025-06-24 09:16:24,024 [WARN] PackLoader:240 - Cannot read IP mode file for Infineon.AIROC-Wi-Fi-Bluetooth-STM32.1.7.0
2025-06-24 09:16:24,044 [WARN] PackLoader:240 - Cannot read IP mode file for STMicroelectronics.X-CUBE-DISPLAY.3.0.0
2025-06-24 09:16:24,060 [WARN] PackLoader:240 - Cannot read IP mode file for STMicroelectronics.X-CUBE-NFC10.1.0.0
2025-06-24 09:16:24,080 [WARN] PackLoader:240 - Cannot read IP mode file for STMicroelectronics.X-CUBE-BLEMGR.4.0.0
2025-06-24 09:16:24,101 [WARN] PackLoader:240 - Cannot read IP mode file for emotas.I-CUBE-CANOPEN.1.3.0
2025-06-24 09:16:24,115 [WARN] ConditionMgr:438 - getConditionDescription Invalid condition id : Cortex-A Device cause : null
2025-06-24 09:16:24,139 [WARN] ConditionMgr:1044 - genDependencies : Invalid condition id : Cortex-A Device cause : null
2025-06-24 09:16:24,139 [WARN] ConditionMgr:1044 - genDependencies : Invalid condition id : Cortex-A Device cause : null
2025-06-24 09:16:24,141 [WARN] ConditionMgr:1044 - genDependencies : Invalid condition id : Cortex-A Device cause : null
2025-06-24 09:16:24,159 [WARN] PackLoader:240 - Cannot read IP mode file for STMicroelectronics.X-CUBE-AI.10.0.0
2025-06-24 09:16:24,181 [WARN] PackLoader:240 - Cannot read IP mode file for STMicroelectronics.FP-SNS-SMARTAG2.1.2.0
2025-06-24 09:16:24,196 [WARN] PackLoader:240 - Cannot read IP mode file for STMicroelectronics.FP-SNS-FLIGHT1.5.1.0
2025-06-24 09:16:24,215 [INFO] LogOutputStream:77 - [STDOUT_REDIRECT] 1 : Invalid condition id : UX_CORESTACK_Condition cause : null
2025-06-24 09:16:24,216 [INFO] LogOutputStream:77 - [STDOUT_REDIRECT] 1 : Invalid condition id : UX_CORESTACK_Condition cause : null
2025-06-24 09:16:24,217 [INFO] LogOutputStream:77 - [STDOUT_REDIRECT] 1 : Invalid condition id : UX_CORESTACK_Condition cause : null
2025-06-24 09:16:24,217 [INFO] LogOutputStream:77 - [STDOUT_REDIRECT] 1 : Invalid condition id : UX_CORESTACK_Condition cause : null
2025-06-24 09:16:24,217 [INFO] LogOutputStream:77 - [STDOUT_REDIRECT] 1 : Invalid condition id : UX_CORESTACK_Condition cause : null
2025-06-24 09:16:24,219 [WARN] PackLoader:240 - Cannot read IP mode file for STMicroelectronics.X-CUBE-AZRTOS-WL.2.0.0
2025-06-24 09:16:24,236 [WARN] PackLoader:240 - Cannot read IP mode file for STMicroelectronics.FP-SNS-MOTENV1.5.0.0
2025-06-24 09:16:24,243 [INFO] WebApp:463 - Apply proxy settings
2025-06-24 09:16:24,244 [INFO] WebApp:548 - Chromium requires no authentication
2025-06-24 09:16:24,252 [INFO] WebApp:491 - Direct internet connection detected
2025-06-24 09:16:24,258 [WARN] PackLoader:240 - Cannot read IP mode file for WES.I-CUBE-Cesium.1.3.0
2025-06-24 09:16:24,275 [WARN] PackLoader:240 - Cannot read IP mode file for STMicroelectronics.X-CUBE-BLE2.3.3.0
2025-06-24 09:16:24,276 [INFO] WebApp:894 - Register for checkConnection events
2025-06-24 09:16:24,276 [INFO] WebApp:463 - Apply proxy settings
2025-06-24 09:16:24,277 [INFO] WebApp:548 - Chromium requires no authentication
2025-06-24 09:16:24,277 [INFO] WebApp:491 - Direct internet connection detected
2025-06-24 09:16:24,290 [WARN] PackLoader:240 - Cannot read IP mode file for STMicroelectronics.X-CUBE-NFC9.1.0.0
2025-06-24 09:16:24,306 [WARN] PackLoader:240 - Cannot read IP mode file for wolfSSL.I-CUBE-wolfSSL.5.8.0
2025-06-24 09:16:24,320 [WARN] PackLoader:240 - Cannot read IP mode file for STMicroelectronics.X-CUBE-BLE1.7.1.0
2025-06-24 09:16:24,335 [WARN] PackLoader:240 - Cannot read IP mode file for wolfSSL.I-CUBE-wolfMQTT.1.19.2
2025-06-24 09:16:24,349 [WARN] PackLoader:240 - Cannot read IP mode file for STMicroelectronics.X-CUBE-AI.10.1.0
2025-06-24 09:16:24,401 [WARN] PackLoader:240 - Cannot read IP mode file for STMicroelectronics.X-CUBE-MEMS1.11.2.0
2025-06-24 09:16:24,500 [INFO] WebApp:191 - Connection restablished
2025-06-24 09:16:24,504 [WARN] PackLoader:240 - Cannot read IP mode file for STMicroelectronics.X-CUBE-AZRTOS-G0.1.1.0
2025-06-24 09:16:24,529 [WARN] PackLoader:240 - Cannot read IP mode file for STMicroelectronics.X-CUBE-SAFEA1.1.2.2
2025-06-24 09:16:24,571 [WARN] PackLoader:240 - Cannot read IP mode file for STMicroelectronics.X-CUBE-NFC4.3.0.0
2025-06-24 09:16:24,598 [INFO] WebApp:225 - Starting web application
2025-06-24 09:16:24,598 [WARN] PackLoader:240 - Cannot read IP mode file for EmbeddedOffice.I-CUBE-FS-RTOS.1.0.1
2025-06-24 09:16:24,598 [INFO] WebApp:593 - Web application path used C:\ST\STM32CubeIDE_1.18.1\STM32CubeIDE\plugins\com.st.stm32cube.common.mx_6.14.1.202504091515\db\plugins\mcufinder\reactClient1\index.html
2025-06-24 09:16:24,621 [WARN] PackLoader:240 - Cannot read IP mode file for STMicroelectronics.X-CUBE-WB05N.2.0.0
2025-06-24 09:16:24,641 [WARN] PackLoader:240 - Cannot read IP mode file for wolfSSL.I-CUBE-wolfTPM.3.8.0
2025-06-24 09:16:24,663 [WARN] PackLoader:240 - Cannot read IP mode file for STMicroelectronics.X-CUBE-TCPP.4.2.0
2025-06-24 09:16:24,683 [WARN] PackLoader:240 - Cannot read IP mode file for RealThread.X-CUBE-RT-Thread_Nano.4.1.1
2025-06-24 09:16:24,702 [WARN] PackLoader:240 - Cannot read IP mode file for STMicroelectronics.FP-ATR-SIGFOX1.3.2.0
2025-06-24 09:16:24,720 [WARN] PackLoader:240 - Cannot read IP mode file for STMicroelectronics.X-CUBE-EEPRMA1.5.1.0
2025-06-24 09:16:24,740 [WARN] PackLoader:240 - Cannot read IP mode file for ITTIA_DB.I-CUBE-ITTIADB.8.9.0
2025-06-24 09:16:24,758 [WARN] PackLoader:240 - Cannot read IP mode file for STMicroelectronics.X-CUBE-ST67W61.1.0.0
2025-06-24 09:16:24,789 [WARN] PackLoader:240 - Cannot read IP mode file for SEGGER.I-CUBE-embOS.1.3.1
2025-06-24 09:16:24,833 [WARN] PackLoader:240 - Cannot read IP mode file for STMicroelectronics.X-CUBE-ALGOBUILD.1.4.0
2025-06-24 09:16:24,885 [WARN] PackLoader:240 - Cannot read IP mode file for STMicroelectronics.X-CUBE-MEMS1.11.3.0
2025-06-24 09:16:24,971 [WARN] PackLoader:240 - Cannot read IP mode file for STMicroelectronics.X-CUBE-PM33A1.1.0.0
2025-06-24 09:16:24,999 [WARN] PackLoader:240 - Cannot read IP mode file for STMicroelectronics.X-CUBE-AZRTOS-F4.1.1.0
2025-06-24 09:16:25,016 [WARN] PackLoader:240 - Cannot read IP mode file for STMicroelectronics.X-CUBE-ISPU.2.1.0
2025-06-24 09:16:25,048 [WARN] PackLoader:240 - Cannot read IP mode file for STMicroelectronics.X-CUBE-AZRTOS-L5.2.0.0
2025-06-24 09:16:25,069 [WARN] PackLoader:240 - Cannot read IP mode file for STMicroelectronics.X-CUBE-NFC6.3.1.0
2025-06-24 09:16:25,090 [WARN] PackLoader:240 - Cannot read IP mode file for STMicroelectronics.X-CUBE-FREERTOS.1.3.1
2025-06-24 09:16:25,107 [WARN] PackLoader:240 - Cannot read IP mode file for STMicroelectronics.X-CUBE-DPower.1.3.0
2025-06-24 09:16:25,140 [WARN] ConditionMgr:438 - getConditionDescription Invalid condition id : LAN8742 Phy interface Condition cause : null
2025-06-24 09:16:25,140 [WARN] PackLoader:240 - Cannot read IP mode file for STMicroelectronics.X-CUBE-AZRTOS-L4.2.0.0
2025-06-24 09:16:25,141 [WARN] ConditionMgr:1044 - genDependencies : Invalid condition id : LAN8742 Phy interface Condition cause : null
2025-06-24 09:16:25,141 [WARN] ConditionMgr:1044 - genDependencies : Invalid condition id : LAN8742 Phy interface Condition cause : null
2025-06-24 09:16:25,141 [WARN] ConditionMgr:1044 - genDependencies : Invalid condition id : LAN8742 Phy interface Condition cause : null
2025-06-24 09:16:25,160 [WARN] PackLoader:240 - Cannot read IP mode file for STMicroelectronics.X-CUBE-SFXS2LP1.4.0.0
2025-06-24 09:16:25,188 [WARN] PackLoader:240 - Cannot read IP mode file for STMicroelectronics.X-CUBE-AZRTOS-H7.3.3.0
2025-06-24 09:16:25,213 [WARN] ConditionMgr:438 - getConditionDescription Invalid condition id : UX DEVICE CLASS RTOS Condition cause : null
2025-06-24 09:16:25,213 [WARN] ConditionMgr:438 - getConditionDescription Invalid condition id : UX DEVICE CLASS RTOS Condition cause : null
2025-06-24 09:16:25,214 [WARN] PackLoader:240 - Cannot read IP mode file for STMicroelectronics.X-CUBE-AZRTOS-WB.2.0.0
2025-06-24 09:16:25,215 [WARN] ConditionMgr:1044 - genDependencies : Invalid condition id : UX DEVICE CLASS RTOS Condition cause : null
2025-06-24 09:16:25,215 [WARN] ConditionMgr:1044 - genDependencies : Invalid condition id : UX DEVICE CLASS RTOS Condition cause : null
2025-06-24 09:16:25,215 [WARN] ConditionMgr:1044 - genDependencies : Invalid condition id : UX DEVICE CLASS RTOS Condition cause : null
2025-06-24 09:16:25,215 [WARN] ConditionMgr:1044 - genDependencies : Invalid condition id : UX DEVICE CLASS RTOS Condition cause : null
2025-06-24 09:16:25,215 [WARN] ConditionMgr:1044 - genDependencies : Invalid condition id : UX DEVICE CLASS RTOS Condition cause : null
2025-06-24 09:16:25,230 [WARN] PackLoader:240 - Cannot read IP mode file for STMicroelectronics.X-CUBE-GNSS1.7.0.1
2025-06-24 09:16:25,245 [WARN] PackLoader:240 - Cannot read IP mode file for STMicroelectronics.X-CUBE-TOUCHGFX.4.25.0
2025-06-24 09:16:25,257 [WARN] PackLoader:240 - Cannot read IP mode file for STMicroelectronics.FP-SNS-STBOX1.2.0.0
2025-06-24 09:16:25,276 [WARN] PackLoader:240 - Cannot read IP mode file for STMicroelectronics.X-CUBE-SUBG2.5.0.0
2025-06-24 09:16:25,306 [WARN] PackLoader:240 - Cannot read IP mode file for STMicroelectronics.X-CUBE-AZRTOS-H7RS.1.1.0
2025-06-24 09:16:25,324 [WARN] PackLoader:240 - Cannot read IP mode file for Cesanta.I-CUBE-Mongoose.7.13.0
2025-06-24 09:16:25,342 [WARN] PackLoader:240 - Cannot read IP mode file for STMicroelectronics.X-CUBE-AZRTOS-G4.2.0.0
2025-06-24 09:16:25,352 [WARN] PackLoader:240 - Cannot read IP mode file for wolfSSL.I-CUBE-wolfSSH.1.4.20
2025-06-24 09:16:25,366 [WARN] PackLoader:240 - Cannot read IP mode file for STMicroelectronics.X-CUBE-NFC7.2.0.0
2025-06-24 09:16:25,385 [WARN] PackLoader:240 - Cannot read IP mode file for STMicroelectronics.X-CUBE-IPS.3.1.0
2025-06-24 09:16:25,401 [WARN] PackLoader:240 - Cannot read IP mode file for STMicroelectronics.X-CUBE-ALS.1.0.2
2025-06-24 09:16:25,414 [WARN] PackLoader:240 - Cannot read IP mode file for portGmbH.I-Cube-SoM-uGOAL.1.1.0
2025-06-24 09:16:25,430 [WARN] PackLoader:240 - Cannot read IP mode file for STMicroelectronics.X-CUBE-TOF1.3.4.3
2025-06-24 09:16:25,435 [INFO] ThirdParty:978 - Integrity check success = true
2025-06-24 09:16:25,435 [INFO] IntegrityCheckThread:100 - exiting critical section [integrity check]
2025-06-24 09:16:25,435 [INFO] IntegrityCheckThread:103 - End integrity checks thread
